<?xml version="1.0" encoding="UTF-8"?>
<!-- Generated by org.testng.reporters.JUnitXMLReporter -->
<testsuite ignored="0" hostname="forge.trans.ge.com" failures="0" tests="4" name="Default test" time="4.78" errors="0" timestamp="2022-04-15T21:53:13 EDT">
  <testcase classname="restassuredtests.RestAssuredTests" name="deleteUserTest" time="3.499"/>
  <testcase classname="restassuredtests.RestAssuredTests" name="getUsersTest" time="0.28"/>
  <testcase classname="restassuredtests.RestAssuredTests" name="postUserTest" time="0.329"/>
  <testcase classname="restassuredtests.RestAssuredTests" name="putUserTest" time="0.608"/>
</testsuite> <!-- Default test -->
