<?xml version="1.0" encoding="UTF-8"?>
<testng-results ignored="0" total="4" passed="4" failed="0" skipped="0">
  <reporter-output>
  </reporter-output>
  <suite started-at="2022-04-15T21:53:09 EDT" name="Default suite" finished-at="2022-04-15T21:53:13 EDT" duration-ms="4780">
    <groups>
    </groups>
    <test started-at="2022-04-15T21:53:09 EDT" name="Default test" finished-at="2022-04-15T21:53:13 EDT" duration-ms="4780">
      <class name="restassuredtests.RestAssuredTests">
        <test-method signature="deleteUserTest()[pri:0, instance:restassuredtests.RestAssuredTests@2d901eb0]" started-at="2022-04-15T21:53:09 EDT" name="deleteUserTest" finished-at="2022-04-15T21:53:12 EDT" duration-ms="3499" status="PASS">
          <reporter-output>
          </reporter-output>
        </test-method> <!-- deleteUserTest -->
        <test-method signature="getUsersTest()[pri:0, instance:restassuredtests.RestAssuredTests@2d901eb0]" started-at="2022-04-15T21:53:12 EDT" name="getUsersTest" finished-at="2022-04-15T21:53:12 EDT" duration-ms="280" status="PASS">
          <reporter-output>
          </reporter-output>
        </test-method> <!-- getUsersTest -->
        <test-method signature="postUserTest()[pri:0, instance:restassuredtests.RestAssuredTests@2d901eb0]" started-at="2022-04-15T21:53:12 EDT" name="postUserTest" finished-at="2022-04-15T21:53:13 EDT" duration-ms="329" status="PASS">
          <reporter-output>
          </reporter-output>
        </test-method> <!-- postUserTest -->
        <test-method signature="putUserTest()[pri:0, instance:restassuredtests.RestAssuredTests@2d901eb0]" started-at="2022-04-15T21:53:13 EDT" name="putUserTest" finished-at="2022-04-15T21:53:13 EDT" duration-ms="608" status="PASS">
          <reporter-output>
          </reporter-output>
        </test-method> <!-- putUserTest -->
      </class> <!-- restassuredtests.RestAssuredTests -->
    </test> <!-- Default test -->
  </suite> <!-- Default suite -->
</testng-results>
